[1014/123511.252:ERROR:directory_reader_win.cc(43)] FindFirstFile: The system cannot find the path specified. (0x3)
[1014/153156.492:ERROR:directory_reader_win.cc(43)] FindFirstFile: The system cannot find the path specified. (0x3)
[1015/122235.654:ERROR:directory_reader_win.cc(43)] FindFirstFile: The system cannot find the path specified. (0x3)
[1015/235727.108:ERROR:directory_reader_win.cc(43)] FindFirstFile: The system cannot find the path specified. (0x3)
[1016/004403.505:ERROR:directory_reader_win.cc(43)] FindFirstFile: The system cannot find the path specified. (0x3)
[1016/102942.087:ERROR:directory_reader_win.cc(43)] FindFirstFile: The system cannot find the path specified. (0x3)
[1016/121602.535:ERROR:process_memory_win.cc(73)] ReadMemory at 0x7ff6bbb50000 of 64 bytes failed: Only part of a ReadProcessMemory or WriteProcessMemory request was completed. (0x12B)
[1016/121602.536:WARNING:pe_image_reader.cc(340)] could not read dos header from C:\Program Files (x86)\Google\Chrome\Application\chrome.exe
[1016/121602.536:ERROR:process_memory_win.cc(73)] ReadMemory at 0x7ffbbbe00000 of 64 bytes failed: Only part of a ReadProcessMemory or WriteProcessMemory request was completed. (0x12B)
[1016/121602.536:WARNING:pe_image_reader.cc(340)] could not read dos header from C:\WINDOWS\SYSTEM32\ntdll.dll
[1016/121602.536:ERROR:process_memory_win.cc(73)] ReadMemory at 0x7ffbbb230000 of 64 bytes failed: Only part of a ReadProcessMemory or WriteProcessMemory request was completed. (0x12B)
[1016/121602.536:WARNING:pe_image_reader.cc(340)] could not read dos header from C:\WINDOWS\System32\KERNEL32.DLL
[1016/121602.536:ERROR:process_memory_win.cc(73)] ReadMemory at 0x7ffbb91d0000 of 64 bytes failed: Only part of a ReadProcessMemory or WriteProcessMemory request was completed. (0x12B)
[1016/121602.536:WARNING:pe_image_reader.cc(340)] could not read dos header from C:\WINDOWS\System32\KERNELBASE.dll
[1016/121602.536:ERROR:process_memory_win.cc(73)] ReadMemory at 0x7ffb9d2e0000 of 64 bytes failed: Only part of a ReadProcessMemory or WriteProcessMemory request was completed. (0x12B)
[1016/121602.536:WARNING:pe_image_reader.cc(340)] could not read dos header from C:\Program Files (x86)\Google\Chrome\Application\86.0.4240.75\chrome_elf.dll
[1016/121602.536:ERROR:process_memory_win.cc(73)] ReadMemory at 0x7ffbadc30000 of 64 bytes failed: Only part of a ReadProcessMemory or WriteProcessMemory request was completed. (0x12B)
[1016/121602.536:WARNING:pe_image_reader.cc(340)] could not read dos header from C:\WINDOWS\SYSTEM32\VERSION.dll
[1016/121602.536:ERROR:process_memory_win.cc(73)] ReadMemory at 0x7ffbbb9d0000 of 64 bytes failed: Only part of a ReadProcessMemory or WriteProcessMemory request was completed. (0x12B)
[1016/121602.536:WARNING:pe_image_reader.cc(340)] could not read dos header from C:\WINDOWS\System32\msvcrt.dll
[1016/121602.536:ERROR:process_memory_win.cc(73)] ReadMemory at 0x7ffbb9dd0000 of 64 bytes failed: Only part of a ReadProcessMemory or WriteProcessMemory request was completed. (0x12B)
[1016/121602.536:WARNING:pe_image_reader.cc(340)] could not read dos header from C:\WINDOWS\System32\bcryptPrimitives.dll
[1016/121602.536:ERROR:process_memory_win.cc(73)] ReadMemory at 0x7ffbbacd0000 of 64 bytes failed: Only part of a ReadProcessMemory or WriteProcessMemory request was completed. (0x12B)
[1016/121602.536:WARNING:pe_image_reader.cc(340)] could not read dos header from C:\WINDOWS\System32\ADVAPI32.dll
[1016/121602.536:ERROR:process_memory_win.cc(73)] ReadMemory at 0x7ffbbb750000 of 64 bytes failed: Only part of a ReadProcessMemory or WriteProcessMemory request was completed. (0x12B)
[1016/121602.536:WARNING:pe_image_reader.cc(340)] could not read dos header from C:\WINDOWS\System32\sechost.dll
[1016/121602.536:ERROR:process_memory_win.cc(73)] ReadMemory at 0x7ffbbb630000 of 64 bytes failed: Only part of a ReadProcessMemory or WriteProcessMemory request was completed. (0x12B)
[1016/121602.536:WARNING:pe_image_reader.cc(340)] could not read dos header from C:\WINDOWS\System32\RPCRT4.dll
[1016/121602.536:ERROR:process_memory_win.cc(73)] ReadMemory at 0x7ffb37cd0000 of 64 bytes failed: Only part of a ReadProcessMemory or WriteProcessMemory request was completed. (0x12B)
[1016/121602.537:WARNING:pe_image_reader.cc(340)] could not read dos header from C:\Program Files (x86)\Google\Chrome\Application\86.0.4240.75\chrome.dll
[1016/121602.537:ERROR:process_memory_win.cc(73)] ReadMemory at 0x7ffbbbae0000 of 64 bytes failed: Only part of a ReadProcessMemory or WriteProcessMemory request was completed. (0x12B)
[1016/121602.537:WARNING:pe_image_reader.cc(340)] could not read dos header from C:\WINDOWS\System32\WS2_32.dll
[1016/121602.537:ERROR:process_memory_win.cc(73)] ReadMemory at 0x7ffbbbb50000 of 64 bytes failed: Only part of a ReadProcessMemory or WriteProcessMemory request was completed. (0x12B)
[1016/121602.537:WARNING:pe_image_reader.cc(340)] could not read dos header from C:\WINDOWS\System32\OLEAUT32.dll
[1016/121602.537:ERROR:process_memory_win.cc(73)] ReadMemory at 0x7ffbb94d0000 of 64 bytes failed: Only part of a ReadProcessMemory or WriteProcessMemory request was completed. (0x12B)
[1016/121602.537:WARNING:pe_image_reader.cc(340)] could not read dos header from C:\WINDOWS\System32\msvcp_win.dll
[1016/121602.537:ERROR:process_memory_win.cc(73)] ReadMemory at 0x7ffbb8d90000 of 64 bytes failed: Only part of a ReadProcessMemory or WriteProcessMemory request was completed. (0x12B)
[1016/121602.537:WARNING:pe_image_reader.cc(340)] could not read dos header from C:\WINDOWS\System32\ucrtbase.dll
[1016/121602.537:ERROR:process_memory_win.cc(73)] ReadMemory at 0x1bb00010000 of 64 bytes failed: Only part of a ReadProcessMemory or WriteProcessMemory request was completed. (0x12B)
[1016/121602.537:WARNING:pe_image_reader.cc(340)] could not read dos header from C:\WINDOWS\System32\combase.dll
[1016/121602.537:ERROR:process_memory_win.cc(73)] ReadMemory at 0x7ffbb9e50000 of 64 bytes failed: Only part of a ReadProcessMemory or WriteProcessMemory request was completed. (0x12B)
[1016/121602.537:WARNING:pe_image_reader.cc(340)] could not read dos header from C:\WINDOWS\System32\WINTRUST.dll
[1016/121602.537:ERROR:process_memory_win.cc(73)] ReadMemory at 0x7ffbb8d70000 of 64 bytes failed: Only part of a ReadProcessMemory or WriteProcessMemory request was completed. (0x12B)
[1016/121602.537:WARNING:pe_image_reader.cc(340)] could not read dos header from C:\WINDOWS\System32\MSASN1.dll
[1016/121602.537:ERROR:process_memory_win.cc(73)] ReadMemory at 0x7ffbb9080000 of 64 bytes failed: Only part of a ReadProcessMemory or WriteProcessMemory request was completed. (0x12B)
[1016/121602.537:WARNING:pe_image_reader.cc(340)] could not read dos header from C:\WINDOWS\System32\CRYPT32.dll
[1016/121602.537:ERROR:process_memory_win.cc(73)] ReadMemory at 0x7ffbb7440000 of 64 bytes failed: Only part of a ReadProcessMemory or WriteProcessMemory request was completed. (0x12B)
[1016/121602.537:WARNING:pe_image_reader.cc(340)] could not read dos header from C:\WINDOWS\SYSTEM32\dbghelp.dll
[1016/121602.537:ERROR:process_memory_win.cc(73)] ReadMemory at 0x7ffbb8220000 of 64 bytes failed: Only part of a ReadProcessMemory or WriteProcessMemory request was completed. (0x12B)
[1016/121602.537:WARNING:pe_image_reader.cc(340)] could not read dos header from C:\WINDOWS\SYSTEM32\IPHLPAPI.DLL
[1016/121602.537:ERROR:process_memory_win.cc(73)] ReadMemory at 0x7ffbb5660000 of 64 bytes failed: Only part of a ReadProcessMemory or WriteProcessMemory request was completed. (0x12B)
[1016/121602.537:WARNING:pe_image_reader.cc(340)] could not read dos header from C:\WINDOWS\SYSTEM32\WINMM.dll
[1016/121602.537:ERROR:process_memory_win.cc(73)] ReadMemory at 0x7ffb850c0000 of 64 bytes failed: Only part of a ReadProcessMemory or WriteProcessMemory request was completed. (0x12B)
[1016/121602.537:WARNING:pe_image_reader.cc(340)] could not read dos header from C:\WINDOWS\SYSTEM32\UIAutomationCore.DLL
[1016/121602.537:ERROR:process_memory_win.cc(73)] ReadMemory at 0x7ffba34d0000 of 64 bytes failed: Only part of a ReadProcessMemory or WriteProcessMemory request was completed. (0x12B)
[1016/121602.537:WARNING:pe_image_reader.cc(340)] could not read dos header from C:\WINDOWS\SYSTEM32\Secur32.dll
[1016/121602.537:ERROR:process_memory_win.cc(73)] ReadMemory at 0x7ffbb8ba0000 of 64 bytes failed: Only part of a ReadProcessMemory or WriteProcessMemory request was completed. (0x12B)
[1016/121602.537:WARNING:pe_image_reader.cc(340)] could not read dos header from C:\WINDOWS\SYSTEM32\USERENV.dll
[1016/121602.537:ERROR:process_memory_win.cc(73)] ReadMemory at 0x7ffbb8d40000 of 64 bytes failed: Only part of a ReadProcessMemory or WriteProcessMemory request was completed. (0x12B)
[1016/121602.537:WARNING:pe_image_reader.cc(340)] could not read dos header from C:\WINDOWS\System32\profapi.dll
[1016/121602.538:ERROR:process_memory_win.cc(73)] ReadMemory at 0x7ffb99290000 of 64 bytes failed: Only part of a ReadProcessMemory or WriteProcessMemory request was completed. (0x12B)
[1016/121602.538:WARNING:pe_image_reader.cc(340)] could not read dos header from C:\WINDOWS\SYSTEM32\DWrite.dll
[1016/121602.538:ERROR:process_memory_win.cc(73)] ReadMemory at 0x7ffb9cef0000 of 64 bytes failed: Only part of a ReadProcessMemory or WriteProcessMemory request was completed. (0x12B)
[1016/121602.538:WARNING:pe_image_reader.cc(340)] could not read dos header from C:\WINDOWS\SYSTEM32\WINSPOOL.DRV
[1016/121602.538:ERROR:process_memory_win.cc(73)] ReadMemory at 0x7ffbb8d20000 of 64 bytes failed: Only part of a ReadProcessMemory or WriteProcessMemory request was completed. (0x12B)
[1016/121602.538:WARNING:pe_image_reader.cc(340)] could not read dos header from C:\WINDOWS\System32\kernel.appcore.dll
[1016/121602.538:ERROR:process_memory_win.cc(73)] ReadMemory at 0x7ffbb8e90000 of 64 bytes failed: Only part of a ReadProcessMemory or WriteProcessMemory request was completed. (0x12B)
[1016/121602.538:WARNING:pe_image_reader.cc(340)] could not read dos header from C:\WINDOWS\System32\bcrypt.dll
[1016/121602.538:ERROR:process_memory_win.cc(73)] ReadMemory at 0x7ffbae090000 of 64 bytes failed: Only part of a ReadProcessMemory or WriteProcessMemory request was completed. (0x12B)
[1016/121602.538:WARNING:pe_image_reader.cc(340)] could not read dos header from C:\WINDOWS\SYSTEM32\WINHTTP.dll
[1016/121602.538:ERROR:process_memory_win.cc(73)] ReadMemory at 0x7ffbadb60000 of 64 bytes failed: Only part of a ReadProcessMemory or WriteProcessMemory request was completed. (0x12B)
[1016/121602.538:WARNING:pe_image_reader.cc(340)] could not read dos header from C:\WINDOWS\SYSTEM32\dhcpcsvc.DLL
[1016/121602.538:ERROR:process_memory_win.cc(73)] ReadMemory at 0x7ffbbb220000 of 64 bytes failed: Only part of a ReadProcessMemory or WriteProcessMemory request was completed. (0x12B)
[1016/121602.538:WARNING:pe_image_reader.cc(340)] could not read dos header from C:\WINDOWS\System32\NSI.dll
[1016/121602.538:ERROR:process_memory_win.cc(73)] ReadMemory at 0x7ffbb54f0000 of 64 bytes failed: Only part of a ReadProcessMemory or WriteProcessMemory request was completed. (0x12B)
[1016/121602.538:WARNING:pe_image_reader.cc(340)] could not read dos header from C:\WINDOWS\SYSTEM32\WINMMBASE.dll
[1016/121602.538:ERROR:process_memory_win.cc(73)] ReadMemory at 0x7ffbb9480000 of 64 bytes failed: Only part of a ReadProcessMemory or WriteProcessMemory request was completed. (0x12B)
[1016/121602.538:WARNING:pe_image_reader.cc(340)] could not read dos header from C:\WINDOWS\System32\cfgmgr32.dll
[1016/121602.538:ERROR:process_memory_win.cc(73)] ReadMemory at 0x7ffbb53b0000 of 64 bytes failed: Only part of a ReadProcessMemory or WriteProcessMemory request was completed. (0x12B)
[1016/121602.538:WARNING:pe_image_reader.cc(340)] could not read dos header from C:\WINDOWS\SYSTEM32\PROPSYS.dll
[1016/121602.538:ERROR:process_memory_win.cc(73)] ReadMemory at 0x7ffbba830000 of 64 bytes failed: Only part of a ReadProcessMemory or WriteProcessMemory request was completed. (0x12B)
[1016/121602.538:WARNING:pe_image_reader.cc(340)] could not read dos header from C:\WINDOWS\System32\shcore.dll
[1016/121602.538:ERROR:process_memory_win.cc(73)] ReadMemory at 0x7ffbb8bd0000 of 64 bytes failed: Only part of a ReadProcessMemory or WriteProcessMemory request was completed. (0x12B)
[1016/121602.538:WARNING:pe_image_reader.cc(340)] could not read dos header from C:\WINDOWS\SYSTEM32\SSPICLI.DLL
[1016/121602.538:ERROR:process_memory_win.cc(73)] ReadMemory at 0x7ffbb86e0000 of 64 bytes failed: Only part of a ReadProcessMemory or WriteProcessMemory request was completed. (0x12B)
[1016/121602.538:WARNING:pe_image_reader.cc(340)] could not read dos header from C:\WINDOWS\SYSTEM32\CRYPTBASE.DLL
[1016/121602.543:ERROR:process_memory_win.cc(73)] ReadMemory at 0x7ff6bbb50000 of 64 bytes failed: Only part of a ReadProcessMemory or WriteProcessMemory request was completed. (0x12B)
[1016/121602.543:WARNING:pe_image_reader.cc(340)] could not read dos header from C:\Program Files (x86)\Google\Chrome\Application\chrome.exe
[1016/121602.543:ERROR:process_memory_win.cc(73)] ReadMemory at 0x7ffbbbe00000 of 64 bytes failed: Only part of a ReadProcessMemory or WriteProcessMemory request was completed. (0x12B)
[1016/121602.543:WARNING:pe_image_reader.cc(340)] could not read dos header from C:\WINDOWS\SYSTEM32\ntdll.dll
[1016/121602.543:ERROR:process_memory_win.cc(73)] ReadMemory at 0x7ffbbb230000 of 64 bytes failed: Only part of a ReadProcessMemory or WriteProcessMemory request was completed. (0x12B)
[1016/121602.543:WARNING:pe_image_reader.cc(340)] could not read dos header from C:\WINDOWS\System32\KERNEL32.DLL
[1016/121602.543:ERROR:process_memory_win.cc(73)] ReadMemory at 0x7ffbb91d0000 of 64 bytes failed: Only part of a ReadProcessMemory or WriteProcessMemory request was completed. (0x12B)
[1016/121602.543:WARNING:pe_image_reader.cc(340)] could not read dos header from C:\WINDOWS\System32\KERNELBASE.dll
[1016/121602.543:ERROR:process_memory_win.cc(73)] ReadMemory at 0x7ffb9d2e0000 of 64 bytes failed: Only part of a ReadProcessMemory or WriteProcessMemory request was completed. (0x12B)
[1016/121602.543:WARNING:pe_image_reader.cc(340)] could not read dos header from C:\Program Files (x86)\Google\Chrome\Application\86.0.4240.75\chrome_elf.dll
[1016/121602.543:ERROR:process_memory_win.cc(73)] ReadMemory at 0x7ffbadc30000 of 64 bytes failed: Only part of a ReadProcessMemory or WriteProcessMemory request was completed. (0x12B)
[1016/121602.543:WARNING:pe_image_reader.cc(340)] could not read dos header from C:\WINDOWS\SYSTEM32\VERSION.dll
[1016/121602.543:ERROR:process_memory_win.cc(73)] ReadMemory at 0x7ffbbb9d0000 of 64 bytes failed: Only part of a ReadProcessMemory or WriteProcessMemory request was completed. (0x12B)
[1016/121602.543:WARNING:pe_image_reader.cc(340)] could not read dos header from C:\WINDOWS\System32\msvcrt.dll
[1016/121602.544:ERROR:process_memory_win.cc(73)] ReadMemory at 0x7ffbb9dd0000 of 64 bytes failed: Only part of a ReadProcessMemory or WriteProcessMemory request was completed. (0x12B)
[1016/121602.544:WARNING:pe_image_reader.cc(340)] could not read dos header from C:\WINDOWS\System32\bcryptPrimitives.dll
[1016/121602.544:ERROR:process_memory_win.cc(73)] ReadMemory at 0x7ffbbacd0000 of 64 bytes failed: Only part of a ReadProcessMemory or WriteProcessMemory request was completed. (0x12B)
[1016/121602.544:WARNING:pe_image_reader.cc(340)] could not read dos header from C:\WINDOWS\System32\ADVAPI32.dll
[1016/121602.544:ERROR:process_memory_win.cc(73)] ReadMemory at 0x7ffbbb750000 of 64 bytes failed: Only part of a ReadProcessMemory or WriteProcessMemory request was completed. (0x12B)
[1016/121602.544:WARNING:pe_image_reader.cc(340)] could not read dos header from C:\WINDOWS\System32\sechost.dll
[1016/121602.544:ERROR:process_memory_win.cc(73)] ReadMemory at 0x7ffbbb630000 of 64 bytes failed: Only part of a ReadProcessMemory or WriteProcessMemory request was completed. (0x12B)
[1016/121602.544:WARNING:pe_image_reader.cc(340)] could not read dos header from C:\WINDOWS\System32\RPCRT4.dll
[1016/121602.544:ERROR:process_memory_win.cc(73)] ReadMemory at 0x7ffb37cd0000 of 64 bytes failed: Only part of a ReadProcessMemory or WriteProcessMemory request was completed. (0x12B)
[1016/121602.544:WARNING:pe_image_reader.cc(340)] could not read dos header from C:\Program Files (x86)\Google\Chrome\Application\86.0.4240.75\chrome.dll
[1016/121602.544:ERROR:process_memory_win.cc(73)] ReadMemory at 0x7ffbbbae0000 of 64 bytes failed: Only part of a ReadProcessMemory or WriteProcessMemory request was completed. (0x12B)
[1016/121602.544:WARNING:pe_image_reader.cc(340)] could not read dos header from C:\WINDOWS\System32\WS2_32.dll
[1016/121602.544:ERROR:process_memory_win.cc(73)] ReadMemory at 0x7ffbbbb50000 of 64 bytes failed: Only part of a ReadProcessMemory or WriteProcessMemory request was completed. (0x12B)
[1016/121602.544:WARNING:pe_image_reader.cc(340)] could not read dos header from C:\WINDOWS\System32\OLEAUT32.dll
[1016/121602.544:ERROR:process_memory_win.cc(73)] ReadMemory at 0x7ffbb94d0000 of 64 bytes failed: Only part of a ReadProcessMemory or WriteProcessMemory request was completed. (0x12B)
[1016/121602.544:WARNING:pe_image_reader.cc(340)] could not read dos header from C:\WINDOWS\System32\msvcp_win.dll
[1016/121602.544:ERROR:process_memory_win.cc(73)] ReadMemory at 0x7ffbb8d90000 of 64 bytes failed: Only part of a ReadProcessMemory or WriteProcessMemory request was completed. (0x12B)
[1016/121602.544:WARNING:pe_image_reader.cc(340)] could not read dos header from C:\WINDOWS\System32\ucrtbase.dll
[1016/121602.544:ERROR:process_memory_win.cc(73)] ReadMemory at 0x1bb00010000 of 64 bytes failed: Only part of a ReadProcessMemory or WriteProcessMemory request was completed. (0x12B)
[1016/121602.544:WARNING:pe_image_reader.cc(340)] could not read dos header from C:\WINDOWS\System32\combase.dll
[1016/121602.544:ERROR:process_memory_win.cc(73)] ReadMemory at 0x7ffbb9e50000 of 64 bytes failed: Only part of a ReadProcessMemory or WriteProcessMemory request was completed. (0x12B)
[1016/121602.544:WARNING:pe_image_reader.cc(340)] could not read dos header from C:\WINDOWS\System32\WINTRUST.dll
[1016/121602.544:ERROR:process_memory_win.cc(73)] ReadMemory at 0x7ffbb8d70000 of 64 bytes failed: Only part of a ReadProcessMemory or WriteProcessMemory request was completed. (0x12B)
[1016/121602.544:WARNING:pe_image_reader.cc(340)] could not read dos header from C:\WINDOWS\System32\MSASN1.dll
[1016/121602.544:ERROR:process_memory_win.cc(73)] ReadMemory at 0x7ffbb9080000 of 64 bytes failed: Only part of a ReadProcessMemory or WriteProcessMemory request was completed. (0x12B)
[1016/121602.544:WARNING:pe_image_reader.cc(340)] could not read dos header from C:\WINDOWS\System32\CRYPT32.dll
[1016/121602.544:ERROR:process_memory_win.cc(73)] ReadMemory at 0x7ffbb7440000 of 64 bytes failed: Only part of a ReadProcessMemory or WriteProcessMemory request was completed. (0x12B)
[1016/121602.544:WARNING:pe_image_reader.cc(340)] could not read dos header from C:\WINDOWS\SYSTEM32\dbghelp.dll
[1016/121602.544:ERROR:process_memory_win.cc(73)] ReadMemory at 0x7ffbb8220000 of 64 bytes failed: Only part of a ReadProcessMemory or WriteProcessMemory request was completed. (0x12B)
[1016/121602.544:WARNING:pe_image_reader.cc(340)] could not read dos header from C:\WINDOWS\SYSTEM32\IPHLPAPI.DLL
[1016/121602.544:ERROR:process_memory_win.cc(73)] ReadMemory at 0x7ffbb5660000 of 64 bytes failed: Only part of a ReadProcessMemory or WriteProcessMemory request was completed. (0x12B)
[1016/121602.544:WARNING:pe_image_reader.cc(340)] could not read dos header from C:\WINDOWS\SYSTEM32\WINMM.dll
[1016/121602.544:ERROR:process_memory_win.cc(73)] ReadMemory at 0x7ffb850c0000 of 64 bytes failed: Only part of a ReadProcessMemory or WriteProcessMemory request was completed. (0x12B)
[1016/121602.544:WARNING:pe_image_reader.cc(340)] could not read dos header from C:\WINDOWS\SYSTEM32\UIAutomationCore.DLL
[1016/121602.544:ERROR:process_memory_win.cc(73)] ReadMemory at 0x7ffba34d0000 of 64 bytes failed: Only part of a ReadProcessMemory or WriteProcessMemory request was completed. (0x12B)
[1016/121602.544:WARNING:pe_image_reader.cc(340)] could not read dos header from C:\WINDOWS\SYSTEM32\Secur32.dll
[1016/121602.544:ERROR:process_memory_win.cc(73)] ReadMemory at 0x7ffbb8ba0000 of 64 bytes failed: Only part of a ReadProcessMemory or WriteProcessMemory request was completed. (0x12B)
[1016/121602.544:WARNING:pe_image_reader.cc(340)] could not read dos header from C:\WINDOWS\SYSTEM32\USERENV.dll
[1016/121602.544:ERROR:process_memory_win.cc(73)] ReadMemory at 0x7ffbb8d40000 of 64 bytes failed: Only part of a ReadProcessMemory or WriteProcessMemory request was completed. (0x12B)
[1016/121602.545:WARNING:pe_image_reader.cc(340)] could not read dos header from C:\WINDOWS\System32\profapi.dll
[1016/121602.545:ERROR:process_memory_win.cc(73)] ReadMemory at 0x7ffb99290000 of 64 bytes failed: Only part of a ReadProcessMemory or WriteProcessMemory request was completed. (0x12B)
[1016/121602.545:WARNING:pe_image_reader.cc(340)] could not read dos header from C:\WINDOWS\SYSTEM32\DWrite.dll
[1016/121602.545:ERROR:process_memory_win.cc(73)] ReadMemory at 0x7ffb9cef0000 of 64 bytes failed: Only part of a ReadProcessMemory or WriteProcessMemory request was completed. (0x12B)
[1016/121602.545:WARNING:pe_image_reader.cc(340)] could not read dos header from C:\WINDOWS\SYSTEM32\WINSPOOL.DRV
[1016/121602.545:ERROR:process_memory_win.cc(73)] ReadMemory at 0x7ffbb8d20000 of 64 bytes failed: Only part of a ReadProcessMemory or WriteProcessMemory request was completed. (0x12B)
[1016/121602.545:WARNING:pe_image_reader.cc(340)] could not read dos header from C:\WINDOWS\System32\kernel.appcore.dll
[1016/121602.545:ERROR:process_memory_win.cc(73)] ReadMemory at 0x7ffbb8e90000 of 64 bytes failed: Only part of a ReadProcessMemory or WriteProcessMemory request was completed. (0x12B)
[1016/121602.545:WARNING:pe_image_reader.cc(340)] could not read dos header from C:\WINDOWS\System32\bcrypt.dll
[1016/121602.545:ERROR:process_memory_win.cc(73)] ReadMemory at 0x7ffbae090000 of 64 bytes failed: Only part of a ReadProcessMemory or WriteProcessMemory request was completed. (0x12B)
[1016/121602.545:WARNING:pe_image_reader.cc(340)] could not read dos header from C:\WINDOWS\SYSTEM32\WINHTTP.dll
[1016/121602.545:ERROR:process_memory_win.cc(73)] ReadMemory at 0x7ffbadb60000 of 64 bytes failed: Only part of a ReadProcessMemory or WriteProcessMemory request was completed. (0x12B)
[1016/121602.545:WARNING:pe_image_reader.cc(340)] could not read dos header from C:\WINDOWS\SYSTEM32\dhcpcsvc.DLL
[1016/121602.545:ERROR:process_memory_win.cc(73)] ReadMemory at 0x7ffbbb220000 of 64 bytes failed: Only part of a ReadProcessMemory or WriteProcessMemory request was completed. (0x12B)
[1016/121602.545:WARNING:pe_image_reader.cc(340)] could not read dos header from C:\WINDOWS\System32\NSI.dll
[1016/121602.545:ERROR:process_memory_win.cc(73)] ReadMemory at 0x7ffbb54f0000 of 64 bytes failed: Only part of a ReadProcessMemory or WriteProcessMemory request was completed. (0x12B)
[1016/121602.545:WARNING:pe_image_reader.cc(340)] could not read dos header from C:\WINDOWS\SYSTEM32\WINMMBASE.dll
[1016/121602.545:ERROR:process_memory_win.cc(73)] ReadMemory at 0x7ffbb9480000 of 64 bytes failed: Only part of a ReadProcessMemory or WriteProcessMemory request was completed. (0x12B)
[1016/121602.545:WARNING:pe_image_reader.cc(340)] could not read dos header from C:\WINDOWS\System32\cfgmgr32.dll
[1016/121602.545:ERROR:process_memory_win.cc(73)] ReadMemory at 0x7ffbb53b0000 of 64 bytes failed: Only part of a ReadProcessMemory or WriteProcessMemory request was completed. (0x12B)
[1016/121602.545:WARNING:pe_image_reader.cc(340)] could not read dos header from C:\WINDOWS\SYSTEM32\PROPSYS.dll
[1016/121602.545:ERROR:process_memory_win.cc(73)] ReadMemory at 0x7ffbba830000 of 64 bytes failed: Only part of a ReadProcessMemory or WriteProcessMemory request was completed. (0x12B)
[1016/121602.545:WARNING:pe_image_reader.cc(340)] could not read dos header from C:\WINDOWS\System32\shcore.dll
[1016/121602.545:ERROR:process_memory_win.cc(73)] ReadMemory at 0x7ffbb8bd0000 of 64 bytes failed: Only part of a ReadProcessMemory or WriteProcessMemory request was completed. (0x12B)
[1016/121602.545:WARNING:pe_image_reader.cc(340)] could not read dos header from C:\WINDOWS\SYSTEM32\SSPICLI.DLL
[1016/121602.545:ERROR:process_memory_win.cc(73)] ReadMemory at 0x7ffbb86e0000 of 64 bytes failed: Only part of a ReadProcessMemory or WriteProcessMemory request was completed. (0x12B)
[1016/121602.545:WARNING:pe_image_reader.cc(340)] could not read dos header from C:\WINDOWS\SYSTEM32\CRYPTBASE.DLL
[1016/121602.545:ERROR:process_memory_win.cc(73)] ReadMemory at 0x7ff6bbb50000 of 64 bytes failed: Only part of a ReadProcessMemory or WriteProcessMemory request was completed. (0x12B)
[1016/121602.545:WARNING:pe_image_reader.cc(340)] could not read dos header from C:\Program Files (x86)\Google\Chrome\Application\chrome.exe
[1016/121602.545:ERROR:process_memory_win.cc(73)] ReadMemory at 0x7ffbbbe00000 of 64 bytes failed: Only part of a ReadProcessMemory or WriteProcessMemory request was completed. (0x12B)
[1016/121602.545:WARNING:pe_image_reader.cc(340)] could not read dos header from C:\WINDOWS\SYSTEM32\ntdll.dll
[1016/121602.545:ERROR:process_memory_win.cc(73)] ReadMemory at 0x7ffbbb230000 of 64 bytes failed: Only part of a ReadProcessMemory or WriteProcessMemory request was completed. (0x12B)
[1016/121602.545:WARNING:pe_image_reader.cc(340)] could not read dos header from C:\WINDOWS\System32\KERNEL32.DLL
[1016/121602.545:ERROR:process_memory_win.cc(73)] ReadMemory at 0x7ffbb91d0000 of 64 bytes failed: Only part of a ReadProcessMemory or WriteProcessMemory request was completed. (0x12B)
[1016/121602.545:WARNING:pe_image_reader.cc(340)] could not read dos header from C:\WINDOWS\System32\KERNELBASE.dll
[1016/121602.545:ERROR:process_memory_win.cc(73)] ReadMemory at 0x7ffb9d2e0000 of 64 bytes failed: Only part of a ReadProcessMemory or WriteProcessMemory request was completed. (0x12B)
[1016/121602.545:WARNING:pe_image_reader.cc(340)] could not read dos header from C:\Program Files (x86)\Google\Chrome\Application\86.0.4240.75\chrome_elf.dll
[1016/121602.545:ERROR:process_memory_win.cc(73)] ReadMemory at 0x7ffbadc30000 of 64 bytes failed: Only part of a ReadProcessMemory or WriteProcessMemory request was completed. (0x12B)
[1016/121602.545:WARNING:pe_image_reader.cc(340)] could not read dos header from C:\WINDOWS\SYSTEM32\VERSION.dll
[1016/121602.545:ERROR:process_memory_win.cc(73)] ReadMemory at 0x7ffbbb9d0000 of 64 bytes failed: Only part of a ReadProcessMemory or WriteProcessMemory request was completed. (0x12B)
[1016/121602.545:WARNING:pe_image_reader.cc(340)] could not read dos header from C:\WINDOWS\System32\msvcrt.dll
[1016/121602.545:ERROR:process_memory_win.cc(73)] ReadMemory at 0x7ffbb9dd0000 of 64 bytes failed: Only part of a ReadProcessMemory or WriteProcessMemory request was completed. (0x12B)
[1016/121602.545:WARNING:pe_image_reader.cc(340)] could not read dos header from C:\WINDOWS\System32\bcryptPrimitives.dll
[1016/121602.546:ERROR:process_memory_win.cc(73)] ReadMemory at 0x7ffbbacd0000 of 64 bytes failed: Only part of a ReadProcessMemory or WriteProcessMemory request was completed. (0x12B)
[1016/121602.546:WARNING:pe_image_reader.cc(340)] could not read dos header from C:\WINDOWS\System32\ADVAPI32.dll
[1016/121602.546:ERROR:process_memory_win.cc(73)] ReadMemory at 0x7ffbbb750000 of 64 bytes failed: Only part of a ReadProcessMemory or WriteProcessMemory request was completed. (0x12B)
[1016/121602.546:WARNING:pe_image_reader.cc(340)] could not read dos header from C:\WINDOWS\System32\sechost.dll
[1016/121602.546:ERROR:process_memory_win.cc(73)] ReadMemory at 0x7ffbbb630000 of 64 bytes failed: Only part of a ReadProcessMemory or WriteProcessMemory request was completed. (0x12B)
[1016/121602.546:WARNING:pe_image_reader.cc(340)] could not read dos header from C:\WINDOWS\System32\RPCRT4.dll
[1016/121602.546:ERROR:process_memory_win.cc(73)] ReadMemory at 0x7ffb37cd0000 of 64 bytes failed: Only part of a ReadProcessMemory or WriteProcessMemory request was completed. (0x12B)
[1016/121602.546:WARNING:pe_image_reader.cc(340)] could not read dos header from C:\Program Files (x86)\Google\Chrome\Application\86.0.4240.75\chrome.dll
[1016/121602.546:ERROR:process_memory_win.cc(73)] ReadMemory at 0x7ffbbbae0000 of 64 bytes failed: Only part of a ReadProcessMemory or WriteProcessMemory request was completed. (0x12B)
[1016/121602.546:WARNING:pe_image_reader.cc(340)] could not read dos header from C:\WINDOWS\System32\WS2_32.dll
[1016/121602.546:ERROR:process_memory_win.cc(73)] ReadMemory at 0x7ffbbbb50000 of 64 bytes failed: Only part of a ReadProcessMemory or WriteProcessMemory request was completed. (0x12B)
[1016/121602.546:WARNING:pe_image_reader.cc(340)] could not read dos header from C:\WINDOWS\System32\OLEAUT32.dll
[1016/121602.546:ERROR:process_memory_win.cc(73)] ReadMemory at 0x7ffbb94d0000 of 64 bytes failed: Only part of a ReadProcessMemory or WriteProcessMemory request was completed. (0x12B)
[1016/121602.546:WARNING:pe_image_reader.cc(340)] could not read dos header from C:\WINDOWS\System32\msvcp_win.dll
[1016/121602.546:ERROR:process_memory_win.cc(73)] ReadMemory at 0x7ffbb8d90000 of 64 bytes failed: Only part of a ReadProcessMemory or WriteProcessMemory request was completed. (0x12B)
[1016/121602.546:WARNING:pe_image_reader.cc(340)] could not read dos header from C:\WINDOWS\System32\ucrtbase.dll
[1016/121602.546:ERROR:process_memory_win.cc(73)] ReadMemory at 0x1bb00010000 of 64 bytes failed: Only part of a ReadProcessMemory or WriteProcessMemory request was completed. (0x12B)
[1016/121602.546:WARNING:pe_image_reader.cc(340)] could not read dos header from C:\WINDOWS\System32\combase.dll
[1016/121602.546:ERROR:process_memory_win.cc(73)] ReadMemory at 0x7ffbb9e50000 of 64 bytes failed: Only part of a ReadProcessMemory or WriteProcessMemory request was completed. (0x12B)
[1016/121602.546:WARNING:pe_image_reader.cc(340)] could not read dos header from C:\WINDOWS\System32\WINTRUST.dll
[1016/121602.546:ERROR:process_memory_win.cc(73)] ReadMemory at 0x7ffbb8d70000 of 64 bytes failed: Only part of a ReadProcessMemory or WriteProcessMemory request was completed. (0x12B)
[1016/121602.546:WARNING:pe_image_reader.cc(340)] could not read dos header from C:\WINDOWS\System32\MSASN1.dll
[1016/121602.546:ERROR:process_memory_win.cc(73)] ReadMemory at 0x7ffbb9080000 of 64 bytes failed: Only part of a ReadProcessMemory or WriteProcessMemory request was completed. (0x12B)
[1016/121602.546:WARNING:pe_image_reader.cc(340)] could not read dos header from C:\WINDOWS\System32\CRYPT32.dll
[1016/121602.546:ERROR:process_memory_win.cc(73)] ReadMemory at 0x7ffbb7440000 of 64 bytes failed: Only part of a ReadProcessMemory or WriteProcessMemory request was completed. (0x12B)
[1016/121602.546:WARNING:pe_image_reader.cc(340)] could not read dos header from C:\WINDOWS\SYSTEM32\dbghelp.dll
[1016/121602.546:ERROR:process_memory_win.cc(73)] ReadMemory at 0x7ffbb8220000 of 64 bytes failed: Only part of a ReadProcessMemory or WriteProcessMemory request was completed. (0x12B)
[1016/121602.546:WARNING:pe_image_reader.cc(340)] could not read dos header from C:\WINDOWS\SYSTEM32\IPHLPAPI.DLL
[1016/121602.546:ERROR:process_memory_win.cc(73)] ReadMemory at 0x7ffbb5660000 of 64 bytes failed: Only part of a ReadProcessMemory or WriteProcessMemory request was completed. (0x12B)
[1016/121602.546:WARNING:pe_image_reader.cc(340)] could not read dos header from C:\WINDOWS\SYSTEM32\WINMM.dll
[1016/121602.546:ERROR:process_memory_win.cc(73)] ReadMemory at 0x7ffb850c0000 of 64 bytes failed: Only part of a ReadProcessMemory or WriteProcessMemory request was completed. (0x12B)
[1016/121602.546:WARNING:pe_image_reader.cc(340)] could not read dos header from C:\WINDOWS\SYSTEM32\UIAutomationCore.DLL
[1016/121602.546:ERROR:process_memory_win.cc(73)] ReadMemory at 0x7ffba34d0000 of 64 bytes failed: Only part of a ReadProcessMemory or WriteProcessMemory request was completed. (0x12B)
[1016/121602.546:WARNING:pe_image_reader.cc(340)] could not read dos header from C:\WINDOWS\SYSTEM32\Secur32.dll
[1016/121602.546:ERROR:process_memory_win.cc(73)] ReadMemory at 0x7ffbb8ba0000 of 64 bytes failed: Only part of a ReadProcessMemory or WriteProcessMemory request was completed. (0x12B)
[1016/121602.546:WARNING:pe_image_reader.cc(340)] could not read dos header from C:\WINDOWS\SYSTEM32\USERENV.dll
[1016/121602.546:ERROR:process_memory_win.cc(73)] ReadMemory at 0x7ffbb8d40000 of 64 bytes failed: Only part of a ReadProcessMemory or WriteProcessMemory request was completed. (0x12B)
[1016/121602.546:WARNING:pe_image_reader.cc(340)] could not read dos header from C:\WINDOWS\System32\profapi.dll
[1016/121602.546:ERROR:process_memory_win.cc(73)] ReadMemory at 0x7ffb99290000 of 64 bytes failed: Only part of a ReadProcessMemory or WriteProcessMemory request was completed. (0x12B)
[1016/121602.546:WARNING:pe_image_reader.cc(340)] could not read dos header from C:\WINDOWS\SYSTEM32\DWrite.dll
[1016/121602.546:ERROR:process_memory_win.cc(73)] ReadMemory at 0x7ffb9cef0000 of 64 bytes failed: Only part of a ReadProcessMemory or WriteProcessMemory request was completed. (0x12B)
[1016/121602.547:WARNING:pe_image_reader.cc(340)] could not read dos header from C:\WINDOWS\SYSTEM32\WINSPOOL.DRV
[1016/121602.547:ERROR:process_memory_win.cc(73)] ReadMemory at 0x7ffbb8d20000 of 64 bytes failed: Only part of a ReadProcessMemory or WriteProcessMemory request was completed. (0x12B)
[1016/121602.547:WARNING:pe_image_reader.cc(340)] could not read dos header from C:\WINDOWS\System32\kernel.appcore.dll
[1016/121602.547:ERROR:process_memory_win.cc(73)] ReadMemory at 0x7ffbb8e90000 of 64 bytes failed: Only part of a ReadProcessMemory or WriteProcessMemory request was completed. (0x12B)
[1016/121602.547:WARNING:pe_image_reader.cc(340)] could not read dos header from C:\WINDOWS\System32\bcrypt.dll
[1016/121602.547:ERROR:process_memory_win.cc(73)] ReadMemory at 0x7ffbae090000 of 64 bytes failed: Only part of a ReadProcessMemory or WriteProcessMemory request was completed. (0x12B)
[1016/121602.547:WARNING:pe_image_reader.cc(340)] could not read dos header from C:\WINDOWS\SYSTEM32\WINHTTP.dll
[1016/121602.547:ERROR:process_memory_win.cc(73)] ReadMemory at 0x7ffbadb60000 of 64 bytes failed: Only part of a ReadProcessMemory or WriteProcessMemory request was completed. (0x12B)
[1016/121602.547:WARNING:pe_image_reader.cc(340)] could not read dos header from C:\WINDOWS\SYSTEM32\dhcpcsvc.DLL
[1016/121602.547:ERROR:process_memory_win.cc(73)] ReadMemory at 0x7ffbbb220000 of 64 bytes failed: Only part of a ReadProcessMemory or WriteProcessMemory request was completed. (0x12B)
[1016/121602.547:WARNING:pe_image_reader.cc(340)] could not read dos header from C:\WINDOWS\System32\NSI.dll
[1016/121602.547:ERROR:process_memory_win.cc(73)] ReadMemory at 0x7ffbb54f0000 of 64 bytes failed: Only part of a ReadProcessMemory or WriteProcessMemory request was completed. (0x12B)
[1016/121602.547:WARNING:pe_image_reader.cc(340)] could not read dos header from C:\WINDOWS\SYSTEM32\WINMMBASE.dll
[1016/121602.547:ERROR:process_memory_win.cc(73)] ReadMemory at 0x7ffbb9480000 of 64 bytes failed: Only part of a ReadProcessMemory or WriteProcessMemory request was completed. (0x12B)
[1016/121602.547:WARNING:pe_image_reader.cc(340)] could not read dos header from C:\WINDOWS\System32\cfgmgr32.dll
[1016/121602.547:ERROR:process_memory_win.cc(73)] ReadMemory at 0x7ffbb53b0000 of 64 bytes failed: Only part of a ReadProcessMemory or WriteProcessMemory request was completed. (0x12B)
[1016/121602.547:WARNING:pe_image_reader.cc(340)] could not read dos header from C:\WINDOWS\SYSTEM32\PROPSYS.dll
[1016/121602.547:ERROR:process_memory_win.cc(73)] ReadMemory at 0x7ffbba830000 of 64 bytes failed: Only part of a ReadProcessMemory or WriteProcessMemory request was completed. (0x12B)
[1016/121602.547:WARNING:pe_image_reader.cc(340)] could not read dos header from C:\WINDOWS\System32\shcore.dll
[1016/121602.547:ERROR:process_memory_win.cc(73)] ReadMemory at 0x7ffbb8bd0000 of 64 bytes failed: Only part of a ReadProcessMemory or WriteProcessMemory request was completed. (0x12B)
[1016/121602.547:WARNING:pe_image_reader.cc(340)] could not read dos header from C:\WINDOWS\SYSTEM32\SSPICLI.DLL
[1016/121602.547:ERROR:process_memory_win.cc(73)] ReadMemory at 0x7ffbb86e0000 of 64 bytes failed: Only part of a ReadProcessMemory or WriteProcessMemory request was completed. (0x12B)
[1016/121602.547:WARNING:pe_image_reader.cc(340)] could not read dos header from C:\WINDOWS\SYSTEM32\CRYPTBASE.DLL
[1016/121602.554:ERROR:process_memory_win.cc(73)] ReadMemory at 0x74f13f0000 of 65536 bytes failed: Only part of a ReadProcessMemory or WriteProcessMemory request was completed. (0x12B)
[1016/121602.555:ERROR:process_memory_win.cc(73)] ReadMemory at 0x74f1bfe000 of 8192 bytes failed: Only part of a ReadProcessMemory or WriteProcessMemory request was completed. (0x12B)
[1016/121602.555:ERROR:process_memory_win.cc(73)] ReadMemory at 0x74f23f8000 of 32768 bytes failed: Only part of a ReadProcessMemory or WriteProcessMemory request was completed. (0x12B)
[1016/121602.555:ERROR:process_memory_win.cc(73)] ReadMemory at 0x74f2bfe000 of 8192 bytes failed: Only part of a ReadProcessMemory or WriteProcessMemory request was completed. (0x12B)
[1016/121602.555:ERROR:process_memory_win.cc(73)] ReadMemory at 0x74f33fd000 of 12288 bytes failed: Only part of a ReadProcessMemory or WriteProcessMemory request was completed. (0x12B)
[1016/121602.555:ERROR:process_memory_win.cc(73)] ReadMemory at 0x74f3bfa000 of 24576 bytes failed: Only part of a ReadProcessMemory or WriteProcessMemory request was completed. (0x12B)
[1016/121602.555:ERROR:process_memory_win.cc(73)] ReadMemory at 0x74f43fe000 of 8192 bytes failed: Only part of a ReadProcessMemory or WriteProcessMemory request was completed. (0x12B)
[1016/121602.555:ERROR:process_memory_win.cc(73)] ReadMemory at 0x74f4bfe000 of 8192 bytes failed: Only part of a ReadProcessMemory or WriteProcessMemory request was completed. (0x12B)
[1016/121602.555:ERROR:process_memory_win.cc(73)] ReadMemory at 0x74f53fd000 of 12288 bytes failed: Only part of a ReadProcessMemory or WriteProcessMemory request was completed. (0x12B)
[1016/121602.555:ERROR:process_memory_win.cc(73)] ReadMemory at 0x74f5bfe000 of 8192 bytes failed: Only part of a ReadProcessMemory or WriteProcessMemory request was completed. (0x12B)
[1016/121602.555:ERROR:process_memory_win.cc(73)] ReadMemory at 0x74f63fe000 of 8192 bytes failed: Only part of a ReadProcessMemory or WriteProcessMemory request was completed. (0x12B)
[1016/121602.555:ERROR:process_memory_win.cc(73)] ReadMemory at 0x74f6bfd000 of 12288 bytes failed: Only part of a ReadProcessMemory or WriteProcessMemory request was completed. (0x12B)
[1016/121602.555:ERROR:process_memory_win.cc(73)] ReadMemory at 0x74f73fe000 of 8192 bytes failed: Only part of a ReadProcessMemory or WriteProcessMemory request was completed. (0x12B)
[1016/121602.556:ERROR:process_memory_win.cc(73)] ReadMemory at 0x74f7bfe000 of 8192 bytes failed: Only part of a ReadProcessMemory or WriteProcessMemory request was completed. (0x12B)
[1016/121602.556:ERROR:process_memory_win.cc(73)] ReadMemory at 0x74f83fe000 of 8192 bytes failed: Only part of a ReadProcessMemory or WriteProcessMemory request was completed. (0x12B)
[1016/121602.556:ERROR:process_memory_win.cc(73)] ReadMemory at 0x74f8bfe000 of 8192 bytes failed: Only part of a ReadProcessMemory or WriteProcessMemory request was completed. (0x12B)
[1016/121602.556:ERROR:process_memory_win.cc(73)] ReadMemory at 0x74f93fe000 of 8192 bytes failed: Only part of a ReadProcessMemory or WriteProcessMemory request was completed. (0x12B)
[1016/121602.556:ERROR:process_memory_win.cc(73)] ReadMemory at 0x74f0a4e000 of 852 bytes failed: Only part of a ReadProcessMemory or WriteProcessMemory request was completed. (0x12B)
[1016/121602.556:ERROR:process_memory_win.cc(73)] ReadMemory at 0x74f0a4f000 of 6024 bytes failed: Only part of a ReadProcessMemory or WriteProcessMemory request was completed. (0x12B)
[1016/121602.556:ERROR:process_memory_win.cc(73)] ReadMemory at 0x74f0a51000 of 6024 bytes failed: Only part of a ReadProcessMemory or WriteProcessMemory request was completed. (0x12B)
[1016/121602.556:ERROR:process_memory_win.cc(73)] ReadMemory at 0x74f0a53000 of 6024 bytes failed: Only part of a ReadProcessMemory or WriteProcessMemory request was completed. (0x12B)
[1016/121602.556:ERROR:process_memory_win.cc(73)] ReadMemory at 0x74f0a55000 of 6024 bytes failed: Only part of a ReadProcessMemory or WriteProcessMemory request was completed. (0x12B)
[1016/121602.556:ERROR:process_memory_win.cc(73)] ReadMemory at 0x74f0a57000 of 6024 bytes failed: Only part of a ReadProcessMemory or WriteProcessMemory request was completed. (0x12B)
[1016/121602.556:ERROR:process_memory_win.cc(73)] ReadMemory at 0x74f0a59000 of 6024 bytes failed: Only part of a ReadProcessMemory or WriteProcessMemory request was completed. (0x12B)
[1016/121602.556:ERROR:process_memory_win.cc(73)] ReadMemory at 0x74f0a5b000 of 6024 bytes failed: Only part of a ReadProcessMemory or WriteProcessMemory request was completed. (0x12B)
[1016/121602.556:ERROR:process_memory_win.cc(73)] ReadMemory at 0x74f0a5d000 of 6024 bytes failed: Only part of a ReadProcessMemory or WriteProcessMemory request was completed. (0x12B)
[1016/121602.556:ERROR:process_memory_win.cc(73)] ReadMemory at 0x74f0a5f000 of 6024 bytes failed: Only part of a ReadProcessMemory or WriteProcessMemory request was completed. (0x12B)
[1016/121602.556:ERROR:process_memory_win.cc(73)] ReadMemory at 0x74f0a61000 of 6024 bytes failed: Only part of a ReadProcessMemory or WriteProcessMemory request was completed. (0x12B)
[1016/121602.556:ERROR:process_memory_win.cc(73)] ReadMemory at 0x74f0a63000 of 6024 bytes failed: Only part of a ReadProcessMemory or WriteProcessMemory request was completed. (0x12B)
[1016/121602.556:ERROR:process_memory_win.cc(73)] ReadMemory at 0x74f0a65000 of 6024 bytes failed: Only part of a ReadProcessMemory or WriteProcessMemory request was completed. (0x12B)
[1016/121602.556:ERROR:process_memory_win.cc(73)] ReadMemory at 0x74f0a67000 of 6024 bytes failed: Only part of a ReadProcessMemory or WriteProcessMemory request was completed. (0x12B)
[1016/121602.556:ERROR:process_memory_win.cc(73)] ReadMemory at 0x74f0a69000 of 6024 bytes failed: Only part of a ReadProcessMemory or WriteProcessMemory request was completed. (0x12B)
[1016/121602.556:ERROR:process_memory_win.cc(73)] ReadMemory at 0x74f0a6b000 of 6024 bytes failed: Only part of a ReadProcessMemory or WriteProcessMemory request was completed. (0x12B)
[1016/121602.556:ERROR:process_memory_win.cc(73)] ReadMemory at 0x74f0a6d000 of 6024 bytes failed: Only part of a ReadProcessMemory or WriteProcessMemory request was completed. (0x12B)
[1016/121602.556:ERROR:process_memory_win.cc(73)] ReadMemory at 0x74f0a6f000 of 6024 bytes failed: Only part of a ReadProcessMemory or WriteProcessMemory request was completed. (0x12B)
[1016/121602.556:ERROR:process_memory_win.cc(73)] ReadMemory at 0x1bb017d0000 of 384 bytes failed: Only part of a ReadProcessMemory or WriteProcessMemory request was completed. (0x12B)
[1016/121602.557:ERROR:process_memory_win.cc(73)] ReadMemory at 0x1bb017f8400 of 512 bytes failed: Only part of a ReadProcessMemory or WriteProcessMemory request was completed. (0x12B)
[1016/121602.557:ERROR:process_memory_win.cc(73)] ReadMemory at 0x1bb0186a8b0 of 512 bytes failed: Only part of a ReadProcessMemory or WriteProcessMemory request was completed. (0x12B)
[1016/121602.557:ERROR:process_memory_win.cc(73)] ReadMemory at 0x1bb0187e040 of 512 bytes failed: Only part of a ReadProcessMemory or WriteProcessMemory request was completed. (0x12B)
[1016/121602.557:ERROR:process_memory_win.cc(73)] ReadMemory at 0x1bb018946a6 of 512 bytes failed: Only part of a ReadProcessMemory or WriteProcessMemory request was completed. (0x12B)
[1016/121602.557:ERROR:process_memory_win.cc(73)] ReadMemory at 0x1bb01894976 of 784 bytes failed: Only part of a ReadProcessMemory or WriteProcessMemory request was completed. (0x12B)
[1016/121602.557:ERROR:process_memory_win.cc(73)] ReadMemory at 0x1bb018951c0 of 512 bytes failed: Only part of a ReadProcessMemory or WriteProcessMemory request was completed. (0x12B)
[1016/121602.557:ERROR:process_memory_win.cc(73)] ReadMemory at 0x1bb01895e40 of 512 bytes failed: Only part of a ReadProcessMemory or WriteProcessMemory request was completed. (0x12B)
[1016/121602.557:ERROR:process_memory_win.cc(73)] ReadMemory at 0x1bb018b2ee0 of 512 bytes failed: Only part of a ReadProcessMemory or WriteProcessMemory request was completed. (0x12B)
[1016/121602.557:ERROR:process_memory_win.cc(73)] ReadMemory at 0x1bb0273b581 of 512 bytes failed: Only part of a ReadProcessMemory or WriteProcessMemory request was completed. (0x12B)
[1016/121602.557:ERROR:process_memory_win.cc(73)] ReadMemory at 0x1bb7f700fe0 of 4590 bytes failed: Only part of a ReadProcessMemory or WriteProcessMemory request was completed. (0x12B)
[1016/121602.557:ERROR:process_memory_win.cc(73)] ReadMemory at 0x1bb7f7021e0 of 1012 bytes failed: Only part of a ReadProcessMemory or WriteProcessMemory request was completed. (0x12B)
[1016/121602.557:ERROR:process_memory_win.cc(73)] ReadMemory at 0x1bb7f702828 of 118 bytes failed: Only part of a ReadProcessMemory or WriteProcessMemory request was completed. (0x12B)
[1016/121602.557:ERROR:process_memory_win.cc(73)] ReadMemory at 0x1bb7f7028a0 of 756 bytes failed: Only part of a ReadProcessMemory or WriteProcessMemory request was completed. (0x12B)
[1016/121602.557:ERROR:process_memory_win.cc(73)] ReadMemory at 0x1bb7f702b96 of 118 bytes failed: Only part of a ReadProcessMemory or WriteProcessMemory request was completed. (0x12B)
[1016/121602.557:ERROR:process_memory_win.cc(73)] ReadMemory at 0x1bb7f702c0e of 96 bytes failed: Only part of a ReadProcessMemory or WriteProcessMemory request was completed. (0x12B)
[1016/121602.557:ERROR:process_memory_win.cc(73)] ReadMemory at 0x1bb7f702c80 of 58 bytes failed: Only part of a ReadProcessMemory or WriteProcessMemory request was completed. (0x12B)
[1016/121602.557:ERROR:process_memory_win.cc(73)] ReadMemory at 0x1bb7f702d80 of 132 bytes failed: Only part of a ReadProcessMemory or WriteProcessMemory request was completed. (0x12B)
[1016/121602.557:ERROR:process_memory_win.cc(73)] ReadMemory at 0x1bb7f702f10 of 132 bytes failed: Only part of a ReadProcessMemory or WriteProcessMemory request was completed. (0x12B)
[1016/121602.557:ERROR:process_memory_win.cc(73)] ReadMemory at 0x1bb7f7030d0 of 124 bytes failed: Only part of a ReadProcessMemory or WriteProcessMemory request was completed. (0x12B)
[1016/121602.557:ERROR:process_memory_win.cc(73)] ReadMemory at 0x1bb7f7035d0 of 132 bytes failed: Only part of a ReadProcessMemory or WriteProcessMemory request was completed. (0x12B)
[1016/121602.557:ERROR:process_memory_win.cc(73)] ReadMemory at 0x1bb7f703760 of 64 bytes failed: Only part of a ReadProcessMemory or WriteProcessMemory request was completed. (0x12B)
[1016/121602.557:ERROR:process_memory_win.cc(73)] ReadMemory at 0x1bb7f7037b0 of 132 bytes failed: Only part of a ReadProcessMemory or WriteProcessMemory request was completed. (0x12B)
[1016/121602.558:ERROR:process_memory_win.cc(73)] ReadMemory at 0x1bb7f7038e0 of 132 bytes failed: Only part of a ReadProcessMemory or WriteProcessMemory request was completed. (0x12B)
[1016/121602.558:ERROR:process_memory_win.cc(73)] ReadMemory at 0x1bb7f703bc0 of 132 bytes failed: Only part of a ReadProcessMemory or WriteProcessMemory request was completed. (0x12B)
[1016/121602.558:ERROR:process_memory_win.cc(73)] ReadMemory at 0x1bb7f703d50 of 68 bytes failed: Only part of a ReadProcessMemory or WriteProcessMemory request was completed. (0x12B)
[1016/121602.558:ERROR:process_memory_win.cc(73)] ReadMemory at 0x1bb7f704f90 of 152 bytes failed: Only part of a ReadProcessMemory or WriteProcessMemory request was completed. (0x12B)
[1016/121602.558:ERROR:process_memory_win.cc(73)] ReadMemory at 0x1bb7f705c90 of 62 bytes failed: Only part of a ReadProcessMemory or WriteProcessMemory request was completed. (0x12B)
[1016/121602.558:ERROR:process_memory_win.cc(73)] ReadMemory at 0x1bb7f705df0 of 132 bytes failed: Only part of a ReadProcessMemory or WriteProcessMemory request was completed. (0x12B)
[1016/121602.558:ERROR:process_memory_win.cc(73)] ReadMemory at 0x1bb7f705f80 of 60 bytes failed: Only part of a ReadProcessMemory or WriteProcessMemory request was completed. (0x12B)
[1016/121602.558:ERROR:process_memory_win.cc(73)] ReadMemory at 0x1bb7f70a8e0 of 80 bytes failed: Only part of a ReadProcessMemory or WriteProcessMemory request was completed. (0x12B)
[1016/121602.558:ERROR:process_memory_win.cc(73)] ReadMemory at 0x1bb7f70ab80 of 80 bytes failed: Only part of a ReadProcessMemory or WriteProcessMemory request was completed. (0x12B)
[1016/121602.558:ERROR:process_memory_win.cc(73)] ReadMemory at 0x1bb7f710c60 of 60 bytes failed: Only part of a ReadProcessMemory or WriteProcessMemory request was completed. (0x12B)
[1016/121602.558:ERROR:process_memory_win.cc(73)] ReadMemory at 0x1bb7f710df0 of 64 bytes failed: Only part of a ReadProcessMemory or WriteProcessMemory request was completed. (0x12B)
[1016/121602.558:ERROR:process_memory_win.cc(73)] ReadMemory at 0x1bb7f710f30 of 62 bytes failed: Only part of a ReadProcessMemory or WriteProcessMemory request was completed. (0x12B)
[1016/121602.558:ERROR:process_memory_win.cc(73)] ReadMemory at 0x1bb7f712940 of 144 bytes failed: Only part of a ReadProcessMemory or WriteProcessMemory request was completed. (0x12B)
[1016/121602.558:ERROR:process_memory_win.cc(73)] ReadMemory at 0x1bb7f713650 of 132 bytes failed: Only part of a ReadProcessMemory or WriteProcessMemory request was completed. (0x12B)
[1016/121602.558:ERROR:process_memory_win.cc(73)] ReadMemory at 0x1bb7f713780 of 132 bytes failed: Only part of a ReadProcessMemory or WriteProcessMemory request was completed. (0x12B)
[1016/121602.558:ERROR:process_memory_win.cc(73)] ReadMemory at 0x1bb7f713bf0 of 132 bytes failed: Only part of a ReadProcessMemory or WriteProcessMemory request was completed. (0x12B)
[1016/121602.558:ERROR:process_memory_win.cc(73)] ReadMemory at 0x1bb7f715b80 of 132 bytes failed: Only part of a ReadProcessMemory or WriteProcessMemory request was completed. (0x12B)
[1016/121602.558:ERROR:process_memory_win.cc(73)] ReadMemory at 0x1bb7f715d50 of 60 bytes failed: Only part of a ReadProcessMemory or WriteProcessMemory request was completed. (0x12B)
[1016/121602.558:ERROR:process_memory_win.cc(73)] ReadMemory at 0x1bb7f715da0 of 62 bytes failed: Only part of a ReadProcessMemory or WriteProcessMemory request was completed. (0x12B)
[1016/121602.558:ERROR:process_memory_win.cc(73)] ReadMemory at 0x1bb7f715df0 of 64 bytes failed: Only part of a ReadProcessMemory or WriteProcessMemory request was completed. (0x12B)
[1016/121602.558:ERROR:process_memory_win.cc(73)] ReadMemory at 0x1bb7f715e40 of 62 bytes failed: Only part of a ReadProcessMemory or WriteProcessMemory request was completed. (0x12B)
[1016/121602.558:ERROR:process_memory_win.cc(73)] ReadMemory at 0x1bb7f715ee0 of 64 bytes failed: Only part of a ReadProcessMemory or WriteProcessMemory request was completed. (0x12B)
[1016/121602.558:ERROR:process_memory_win.cc(73)] ReadMemory at 0x1bb7f715f80 of 64 bytes failed: Only part of a ReadProcessMemory or WriteProcessMemory request was completed. (0x12B)
[1016/121602.559:ERROR:process_memory_win.cc(73)] ReadMemory at 0x1bb7f716020 of 60 bytes failed: Only part of a ReadProcessMemory or WriteProcessMemory request was completed. (0x12B)
[1016/121602.559:ERROR:process_memory_win.cc(73)] ReadMemory at 0x1bb7f716160 of 58 bytes failed: Only part of a ReadProcessMemory or WriteProcessMemory request was completed. (0x12B)
[1016/121602.559:ERROR:process_memory_win.cc(73)] ReadMemory at 0x1bb7f7161b0 of 62 bytes failed: Only part of a ReadProcessMemory or WriteProcessMemory request was completed. (0x12B)
[1016/121602.559:ERROR:process_memory_win.cc(73)] ReadMemory at 0x1bb7f716200 of 62 bytes failed: Only part of a ReadProcessMemory or WriteProcessMemory request was completed. (0x12B)
[1016/121602.559:ERROR:process_memory_win.cc(73)] ReadMemory at 0x1bb7f7162f0 of 60 bytes failed: Only part of a ReadProcessMemory or WriteProcessMemory request was completed. (0x12B)
[1016/121602.559:ERROR:process_memory_win.cc(73)] ReadMemory at 0x1bb7f716340 of 66 bytes failed: Only part of a ReadProcessMemory or WriteProcessMemory request was completed. (0x12B)
[1016/121602.559:ERROR:process_memory_win.cc(73)] ReadMemory at 0x1bb7f716390 of 62 bytes failed: Only part of a ReadProcessMemory or WriteProcessMemory request was completed. (0x12B)
[1016/121602.559:ERROR:process_memory_win.cc(73)] ReadMemory at 0x1bb7f7163e0 of 64 bytes failed: Only part of a ReadProcessMemory or WriteProcessMemory request was completed. (0x12B)
[1016/121602.559:ERROR:process_memory_win.cc(73)] ReadMemory at 0x1bb7f7164d0 of 66 bytes failed: Only part of a ReadProcessMemory or WriteProcessMemory request was completed. (0x12B)
[1016/121602.559:ERROR:process_memory_win.cc(73)] ReadMemory at 0x1bb7f7165c0 of 64 bytes failed: Only part of a ReadProcessMemory or WriteProcessMemory request was completed. (0x12B)
[1016/121602.559:ERROR:process_memory_win.cc(73)] ReadMemory at 0x1bb7f716610 of 60 bytes failed: Only part of a ReadProcessMemory or WriteProcessMemory request was completed. (0x12B)
[1016/121602.559:ERROR:process_memory_win.cc(73)] ReadMemory at 0x1bb7f7166b0 of 62 bytes failed: Only part of a ReadProcessMemory or WriteProcessMemory request was completed. (0x12B)
[1016/121602.559:ERROR:process_memory_win.cc(73)] ReadMemory at 0x1bb7f7167f0 of 60 bytes failed: Only part of a ReadProcessMemory or WriteProcessMemory request was completed. (0x12B)
[1016/121602.559:ERROR:process_memory_win.cc(73)] ReadMemory at 0x1bb7f716890 of 62 bytes failed: Only part of a ReadProcessMemory or WriteProcessMemory request was completed. (0x12B)
[1016/121602.559:ERROR:process_memory_win.cc(73)] ReadMemory at 0x1bb7f7168e0 of 64 bytes failed: Only part of a ReadProcessMemory or WriteProcessMemory request was completed. (0x12B)
[1016/121602.559:ERROR:process_memory_win.cc(73)] ReadMemory at 0x1bb7f716930 of 64 bytes failed: Only part of a ReadProcessMemory or WriteProcessMemory request was completed. (0x12B)
[1016/121602.559:ERROR:process_memory_win.cc(73)] ReadMemory at 0x1bb7f716b60 of 62 bytes failed: Only part of a ReadProcessMemory or WriteProcessMemory request was completed. (0x12B)
[1016/121602.559:ERROR:process_memory_win.cc(73)] ReadMemory at 0x1bb7f716c50 of 62 bytes failed: Only part of a ReadProcessMemory or WriteProcessMemory request was completed. (0x12B)
[1016/121602.559:ERROR:process_memory_win.cc(73)] ReadMemory at 0x1bb7f717cd0 of 132 bytes failed: Only part of a ReadProcessMemory or WriteProcessMemory request was completed. (0x12B)
[1016/121602.559:ERROR:process_memory_win.cc(73)] ReadMemory at 0x1bb7f718030 of 132 bytes failed: Only part of a ReadProcessMemory or WriteProcessMemory request was completed. (0x12B)
[1016/121602.559:ERROR:process_memory_win.cc(73)] ReadMemory at 0x1bb7f71b120 of 132 bytes failed: Only part of a ReadProcessMemory or WriteProcessMemory request was completed. (0x12B)
[1016/121602.559:ERROR:process_memory_win.cc(73)] ReadMemory at 0x1bb7f71d250 of 54 bytes failed: Only part of a ReadProcessMemory or WriteProcessMemory request was completed. (0x12B)
[1016/121602.559:ERROR:process_memory_win.cc(73)] ReadMemory at 0x1bb7f71f8d0 of 132 bytes failed: Only part of a ReadProcessMemory or WriteProcessMemory request was completed. (0x12B)
[1016/121602.559:ERROR:process_memory_win.cc(73)] ReadMemory at 0x1bb7f71fa00 of 132 bytes failed: Only part of a ReadProcessMemory or WriteProcessMemory request was completed. (0x12B)
[1016/121602.559:ERROR:process_memory_win.cc(73)] ReadMemory at 0x1bb7f71fd20 of 132 bytes failed: Only part of a ReadProcessMemory or WriteProcessMemory request was completed. (0x12B)
[1016/121602.559:ERROR:process_memory_win.cc(73)] ReadMemory at 0x1bb7f71ff90 of 132 bytes failed: Only part of a ReadProcessMemory or WriteProcessMemory request was completed. (0x12B)
[1016/121602.560:ERROR:process_memory_win.cc(73)] ReadMemory at 0x1bb7f7200c0 of 132 bytes failed: Only part of a ReadProcessMemory or WriteProcessMemory request was completed. (0x12B)
[1016/121602.560:ERROR:process_memory_win.cc(73)] ReadMemory at 0x1bb7f7201f0 of 132 bytes failed: Only part of a ReadProcessMemory or WriteProcessMemory request was completed. (0x12B)
[1016/121602.560:ERROR:process_memory_win.cc(73)] ReadMemory at 0x1bb7f720320 of 132 bytes failed: Only part of a ReadProcessMemory or WriteProcessMemory request was completed. (0x12B)
[1016/121602.560:ERROR:process_memory_win.cc(73)] ReadMemory at 0x1bb7f720450 of 132 bytes failed: Only part of a ReadProcessMemory or WriteProcessMemory request was completed. (0x12B)
[1016/121602.560:ERROR:process_memory_win.cc(73)] ReadMemory at 0x1bb7f720580 of 132 bytes failed: Only part of a ReadProcessMemory or WriteProcessMemory request was completed. (0x12B)
[1016/121602.560:ERROR:process_memory_win.cc(73)] ReadMemory at 0x1bb7f7206b0 of 132 bytes failed: Only part of a ReadProcessMemory or WriteProcessMemory request was completed. (0x12B)
[1016/121602.560:ERROR:process_memory_win.cc(73)] ReadMemory at 0x1bb7f7207e0 of 132 bytes failed: Only part of a ReadProcessMemory or WriteProcessMemory request was completed. (0x12B)
[1016/121602.560:ERROR:process_memory_win.cc(73)] ReadMemory at 0x1bb7f720910 of 132 bytes failed: Only part of a ReadProcessMemory or WriteProcessMemory request was completed. (0x12B)
[1016/121602.560:ERROR:process_memory_win.cc(73)] ReadMemory at 0x1bb7f720a40 of 132 bytes failed: Only part of a ReadProcessMemory or WriteProcessMemory request was completed. (0x12B)
[1016/121602.560:ERROR:process_memory_win.cc(73)] ReadMemory at 0x1bb7f720b70 of 132 bytes failed: Only part of a ReadProcessMemory or WriteProcessMemory request was completed. (0x12B)
[1016/121602.560:ERROR:process_memory_win.cc(73)] ReadMemory at 0x1bb7f720ca0 of 132 bytes failed: Only part of a ReadProcessMemory or WriteProcessMemory request was completed. (0x12B)
[1016/121602.560:ERROR:process_memory_win.cc(73)] ReadMemory at 0x1bb7f7218e0 of 132 bytes failed: Only part of a ReadProcessMemory or WriteProcessMemory request was completed. (0x12B)
[1016/121602.560:ERROR:process_memory_win.cc(73)] ReadMemory at 0x1bb7f721da0 of 132 bytes failed: Only part of a ReadProcessMemory or WriteProcessMemory request was completed. (0x12B)
[1016/121602.560:ERROR:process_memory_win.cc(73)] ReadMemory at 0x1bb7f722130 of 132 bytes failed: Only part of a ReadProcessMemory or WriteProcessMemory request was completed. (0x12B)
[1016/121602.560:ERROR:process_memory_win.cc(73)] ReadMemory at 0x1bb7f7224c0 of 132 bytes failed: Only part of a ReadProcessMemory or WriteProcessMemory request was completed. (0x12B)
[1016/121602.560:ERROR:process_memory_win.cc(73)] ReadMemory at 0x1bb7f7225f0 of 132 bytes failed: Only part of a ReadProcessMemory or WriteProcessMemory request was completed. (0x12B)
[1016/121602.560:ERROR:process_memory_win.cc(73)] ReadMemory at 0x1bb7f722f70 of 132 bytes failed: Only part of a ReadProcessMemory or WriteProcessMemory request was completed. (0x12B)
[1016/121602.560:ERROR:process_memory_win.cc(73)] ReadMemory at 0x1bb7f7231d0 of 132 bytes failed: Only part of a ReadProcessMemory or WriteProcessMemory request was completed. (0x12B)
[1016/121602.560:ERROR:process_memory_win.cc(73)] ReadMemory at 0x1bb7f723300 of 132 bytes failed: Only part of a ReadProcessMemory or WriteProcessMemory request was completed. (0x12B)
[1016/121602.560:ERROR:process_memory_win.cc(73)] ReadMemory at 0x1bb7f723430 of 132 bytes failed: Only part of a ReadProcessMemory or WriteProcessMemory request was completed. (0x12B)
[1016/121602.560:ERROR:process_memory_win.cc(73)] ReadMemory at 0x1bb7f723560 of 132 bytes failed: Only part of a ReadProcessMemory or WriteProcessMemory request was completed. (0x12B)
[1016/121602.560:ERROR:process_memory_win.cc(73)] ReadMemory at 0x1bb7f724980 of 76 bytes failed: Only part of a ReadProcessMemory or WriteProcessMemory request was completed. (0x12B)
[1016/121602.560:ERROR:process_memory_win.cc(73)] ReadMemory at 0x1bb7f76a4e0 of 512 bytes failed: Only part of a ReadProcessMemory or WriteProcessMemory request was completed. (0x12B)
[1016/121602.560:ERROR:process_memory_win.cc(73)] ReadMemory at 0x1bb7f76aa30 of 512 bytes failed: Only part of a ReadProcessMemory or WriteProcessMemory request was completed. (0x12B)
[1016/121602.561:ERROR:process_memory_win.cc(73)] ReadMemory at 0x1bb7f76ade0 of 512 bytes failed: Only part of a ReadProcessMemory or WriteProcessMemory request was completed. (0x12B)
[1016/121602.561:ERROR:process_memory_win.cc(73)] ReadMemory at 0x1bb7f76b3e0 of 512 bytes failed: Only part of a ReadProcessMemory or WriteProcessMemory request was completed. (0x12B)
[1016/121602.561:ERROR:process_memory_win.cc(73)] ReadMemory at 0x1bb7f777ac0 of 512 bytes failed: Only part of a ReadProcessMemory or WriteProcessMemory request was completed. (0x12B)
[1016/121602.561:ERROR:process_memory_win.cc(73)] ReadMemory at 0x1bb7f77ece0 of 512 bytes failed: Only part of a ReadProcessMemory or WriteProcessMemory request was completed. (0x12B)
[1016/121602.561:ERROR:process_memory_win.cc(73)] ReadMemory at 0x1bb7f7933c0 of 512 bytes failed: Only part of a ReadProcessMemory or WriteProcessMemory request was completed. (0x12B)
[1016/121602.561:ERROR:process_memory_win.cc(73)] ReadMemory at 0x1bb7f795720 of 512 bytes failed: Only part of a ReadProcessMemory or WriteProcessMemory request was completed. (0x12B)
[1016/121602.561:ERROR:process_memory_win.cc(73)] ReadMemory at 0x1bb7f799590 of 736 bytes failed: Only part of a ReadProcessMemory or WriteProcessMemory request was completed. (0x12B)
[1016/121602.561:ERROR:process_memory_win.cc(73)] ReadMemory at 0x1bb7f79e178 of 512 bytes failed: Only part of a ReadProcessMemory or WriteProcessMemory request was completed. (0x12B)
[1016/121602.561:ERROR:process_memory_win.cc(73)] ReadMemory at 0x1bb7f79e568 of 512 bytes failed: Only part of a ReadProcessMemory or WriteProcessMemory request was completed. (0x12B)
[1016/121602.561:ERROR:process_memory_win.cc(73)] ReadMemory at 0x1bb7f79e958 of 512 bytes failed: Only part of a ReadProcessMemory or WriteProcessMemory request was completed. (0x12B)
[1016/121602.561:ERROR:process_memory_win.cc(73)] ReadMemory at 0x1bb7f79fa38 of 512 bytes failed: Only part of a ReadProcessMemory or WriteProcessMemory request was completed. (0x12B)
[1016/121602.561:ERROR:process_memory_win.cc(73)] ReadMemory at 0x1bb7f7c7970 of 512 bytes failed: Only part of a ReadProcessMemory or WriteProcessMemory request was completed. (0x12B)
[1016/121602.561:ERROR:process_memory_win.cc(73)] ReadMemory at 0x1bb7f7dd290 of 512 bytes failed: Only part of a ReadProcessMemory or WriteProcessMemory request was completed. (0x12B)
[1016/121602.561:ERROR:process_memory_win.cc(73)] ReadMemory at 0x1bb7f840c40 of 512 bytes failed: Only part of a ReadProcessMemory or WriteProcessMemory request was completed. (0x12B)
[1016/121602.561:ERROR:process_memory_win.cc(73)] ReadMemory at 0x1bb7f843880 of 512 bytes failed: Only part of a ReadProcessMemory or WriteProcessMemory request was completed. (0x12B)
[1016/121602.561:ERROR:process_memory_win.cc(73)] ReadMemory at 0x21dd08085e48 of 512 bytes failed: Only part of a ReadProcessMemory or WriteProcessMemory request was completed. (0x12B)
[1016/121602.561:ERROR:process_memory_win.cc(73)] ReadMemory at 0x21dd080e2974 of 512 bytes failed: Only part of a ReadProcessMemory or WriteProcessMemory request was completed. (0x12B)
[1016/121602.561:ERROR:process_memory_win.cc(73)] ReadMemory at 0x21dd085287b8 of 512 bytes failed: Only part of a ReadProcessMemory or WriteProcessMemory request was completed. (0x12B)
[1016/121602.561:ERROR:process_memory_win.cc(73)] ReadMemory at 0x21dd08997c84 of 512 bytes failed: Only part of a ReadProcessMemory or WriteProcessMemory request was completed. (0x12B)
[1016/121602.561:ERROR:process_memory_win.cc(73)] ReadMemory at 0x7ffb37cd0000 of 384 bytes failed: Only part of a ReadProcessMemory or WriteProcessMemory request was completed. (0x12B)
[1016/121602.561:ERROR:process_memory_win.cc(73)] ReadMemory at 0x7ffb3d07c080 of 512 bytes failed: Only part of a ReadProcessMemory or WriteProcessMemory request was completed. (0x12B)
[1016/121602.562:ERROR:process_memory_win.cc(73)] ReadMemory at 0x7ffb3ff138c0 of 512 bytes failed: Only part of a ReadProcessMemory or WriteProcessMemory request was completed. (0x12B)
[1016/121602.562:ERROR:process_memory_win.cc(73)] ReadMemory at 0x7ffb407daa80 of 512 bytes failed: Only part of a ReadProcessMemory or WriteProcessMemory request was completed. (0x12B)
[1016/121602.562:ERROR:process_memory_win.cc(73)] ReadMemory at 0x7ffbb9213aa9 of 512 bytes failed: Only part of a ReadProcessMemory or WriteProcessMemory request was completed. (0x12B)
[1016/121602.562:ERROR:process_memory_win.cc(73)] ReadMemory at 0x7ffbb943d700 of 512 bytes failed: Only part of a ReadProcessMemory or WriteProcessMemory request was completed. (0x12B)
[1016/121602.562:ERROR:process_memory_win.cc(73)] ReadMemory at 0x7ffbbb251fd0 of 512 bytes failed: Only part of a ReadProcessMemory or WriteProcessMemory request was completed. (0x12B)
[1016/121602.562:ERROR:process_memory_win.cc(73)] ReadMemory at 0x7ffbbbe9c0c4 of 672 bytes failed: Only part of a ReadProcessMemory or WriteProcessMemory request was completed. (0x12B)
[1016/121602.562:ERROR:process_memory_win.cc(73)] ReadMemory at 0x7ffbbbe9c6c4 of 512 bytes failed: Only part of a ReadProcessMemory or WriteProcessMemory request was completed. (0x12B)
[1016/121602.562:ERROR:process_memory_win.cc(73)] ReadMemory at 0x7ffbbbe9f974 of 608 bytes failed: Only part of a ReadProcessMemory or WriteProcessMemory request was completed. (0x12B)
[1016/121602.562:ERROR:process_memory_win.cc(73)] ReadMemory at 0x7ffbbbf2c428 of 18 bytes failed: Only part of a ReadProcessMemory or WriteProcessMemory request was completed. (0x12B)
[1016/121602.562:ERROR:process_memory_win.cc(73)] ReadMemory at 0x7ffbbbf5f4f8 of 40 bytes failed: Only part of a ReadProcessMemory or WriteProcessMemory request was completed. (0x12B)
[1016/121602.562:ERROR:process_memory_win.cc(73)] ReadMemory at 0x7ffbbbf5f978 of 48 bytes failed: Only part of a ReadProcessMemory or WriteProcessMemory request was completed. (0x12B)
[1016/121602.562:ERROR:process_memory_win.cc(73)] ReadMemory at 0x7ffbbbf653c0 of 64 bytes failed: Only part of a ReadProcessMemory or WriteProcessMemory request was completed. (0x12B)
[1016/121602.563:ERROR:scoped_process_suspend.cc(40)] NtResumeProcess: An attempt was made to access an exiting process. (0xc000010a)
[1016/123704.020:ERROR:directory_reader_win.cc(43)] FindFirstFile: The system cannot find the path specified. (0x3)
